<?xml version="1.0" encoding="UTF-8"?>
<testsuite name="com.example.WebApp.WebAppApplicationTests" tests="3" skipped="0" failures="0" errors="0" timestamp="2025-12-05T11:26:31.276Z" hostname="0efab8a698d7" time="0.552">
  <properties/>
  <testcase name="shouldReturnDefaulthotfix()" classname="com.example.WebApp.WebAppApplicationTests" time="0.532"/>
  <testcase name="shouldReturnDefaultMessage()" classname="com.example.WebApp.WebAppApplicationTests" time="0.009"/>
  <testcase name="shouldReturnDefaultMessage2()" classname="com.example.WebApp.WebAppApplicationTests" time="0.008"/>
  <system-out><![CDATA[11:26:29.932 [Test worker] INFO org.springframework.test.context.support.AnnotationConfigContextLoaderUtils -- Could not detect default configuration classes for test class [com.example.WebApp.WebAppApplicationTests]: WebAppApplicationTests does not declare any static, non-private, non-final, nested classes annotated with @Configuration.
11:26:30.023 [Test worker] INFO org.springframework.boot.test.context.SpringBootTestContextBootstrapper -- Found @SpringBootConfiguration com.example.WebApp.WebAppApplication for test class com.example.WebApp.WebAppApplicationTests

  .   ____          _            __ _ _
 /\\ / ___'_ __ _ _(_)_ __  __ _ \ \ \ \
( ( )\___ | '_ | '_| | '_ \/ _` | \ \ \ \
 \\/  ___)| |_)| | | | | || (_| |  ) ) ) )
  '  |____| .__|_| |_|_| |_\__, | / / / /
 =========|_|==============|___/=/_/_/_/

 :: Spring Boot ::                (v3.5.6)

2025-12-05T11:26:30.346Z  INFO 398 --- [WebApp] [    Test worker] c.example.WebApp.WebAppApplicationTests  : Starting WebAppApplicationTests using Java 17.0.17 with PID 398 (started by root in /App)
2025-12-05T11:26:30.348Z  INFO 398 --- [WebApp] [    Test worker] c.example.WebApp.WebAppApplicationTests  : No active profile set, falling back to 1 default profile: "default"
2025-12-05T11:26:31.224Z  INFO 398 --- [WebApp] [    Test worker] o.s.b.t.m.w.SpringBootMockServletContext : Initializing Spring TestDispatcherServlet ''
2025-12-05T11:26:31.228Z  INFO 398 --- [WebApp] [    Test worker] o.s.t.web.servlet.TestDispatcherServlet  : Initializing Servlet ''
2025-12-05T11:26:31.231Z  INFO 398 --- [WebApp] [    Test worker] o.s.t.web.servlet.TestDispatcherServlet  : Completed initialization in 1 ms
2025-12-05T11:26:31.261Z  INFO 398 --- [WebApp] [    Test worker] c.example.WebApp.WebAppApplicationTests  : Started WebAppApplicationTests in 1.129 seconds (process running for 1.931)

MockHttpServletRequest:
      HTTP Method = GET
      Request URI = /hotfix
       Parameters = {}
          Headers = []
             Body = null
    Session Attrs = {}

Handler:
             Type = com.example.WebApp.HomeController
           Method = com.example.WebApp.HomeController#greetinghotfix()

Async:
    Async started = false
     Async result = null

Resolved Exception:
             Type = null

ModelAndView:
        View name = null
             View = null
            Model = null

FlashMap:
       Attributes = null

MockHttpServletResponse:
           Status = 200
    Error message = null
          Headers = [Content-Type:"text/plain;charset=UTF-8", Content-Length:"14"]
     Content type = text/plain;charset=UTF-8
             Body = Hello, hotfix!
    Forwarded URL = null
   Redirected URL = null
          Cookies = []

MockHttpServletRequest:
      HTTP Method = GET
      Request URI = /
       Parameters = {}
          Headers = []
             Body = null
    Session Attrs = {}

Handler:
             Type = com.example.WebApp.HomeController
           Method = com.example.WebApp.HomeController#greeting()

Async:
    Async started = false
     Async result = null

Resolved Exception:
             Type = null

ModelAndView:
        View name = null
             View = null
            Model = null

FlashMap:
       Attributes = null

MockHttpServletResponse:
           Status = 200
    Error message = null
          Headers = [Content-Type:"text/plain;charset=UTF-8", Content-Length:"13"]
     Content type = text/plain;charset=UTF-8
             Body = Hello, World!
    Forwarded URL = null
   Redirected URL = null
          Cookies = []

MockHttpServletRequest:
      HTTP Method = GET
      Request URI = /joaopedro
       Parameters = {}
          Headers = []
             Body = null
    Session Attrs = {}

Handler:
             Type = com.example.WebApp.HomeController
           Method = com.example.WebApp.HomeController#greetingjp()

Async:
    Async started = false
     Async result = null

Resolved Exception:
             Type = null

ModelAndView:
        View name = null
             View = null
            Model = null

FlashMap:
       Attributes = null

MockHttpServletResponse:
           Status = 200
    Error message = null
          Headers = [Content-Type:"text/plain;charset=UTF-8", Content-Length:"19"]
     Content type = text/plain;charset=UTF-8
             Body = Hello, Jo?o Pedro!
    Forwarded URL = null
   Redirected URL = null
          Cookies = []
]]></system-out>
  <system-err><![CDATA[]]></system-err>
</testsuite>
